<?xml version="1.0" encoding="UTF-8"?>
<testng-results ignored="0" total="1" passed="1" failed="0" skipped="0">
  <reporter-output>
  </reporter-output>
  <suite started-at="2022-09-29T07:48:31 IST" name="Default suite" finished-at="2022-09-29T07:48:37 IST" duration-ms="6272">
    <groups>
    </groups>
    <test started-at="2022-09-29T07:48:31 IST" name="Default test" finished-at="2022-09-29T07:48:37 IST" duration-ms="6272">
      <class name="day17.login_test">
        <test-method signature="test()[pri:0, instance:day17.login_test@7ce3cb8e]" started-at="2022-09-29T07:48:31 IST" name="test" finished-at="2022-09-29T07:48:37 IST" duration-ms="6223" status="PASS">
          <reporter-output>
          </reporter-output>
        </test-method> <!-- test -->
      </class> <!-- day17.login_test -->
    </test> <!-- Default test -->
  </suite> <!-- Default suite -->
</testng-results>
